2025-01-23 13:51:51,515 - INFO - Program baþlatýlýyor...
2025-01-23 13:51:51,606 - INFO - 186518 adet zengin adres yüklendi
2025-01-23 13:51:51,611 - INFO - Eþleþtirme iþlemi baþlatýlýyor...
2025-01-23 13:52:16,188 - INFO - Program kullanýcý tarafýndan durduruldu
2025-01-23 13:54:37,955 - INFO - Program baþlatýlýyor...
2025-01-23 13:54:41,496 - INFO - 186518 adet zengin adres yüklendi
2025-01-23 13:54:41,512 - INFO - Eþleþtirme iþlemi baþlatýlýyor... (1 thread)
2025-01-23 13:54:55,584 - INFO - Program durduruluyor...
2025-01-23 13:57:06,202 - INFO - Program baþlatýlýyor...
2025-01-23 13:57:14,286 - INFO - 186518 adet zengin adres yüklendi
2025-01-23 13:57:14,286 - INFO - Eþleþtirme iþlemi baþlatýlýyor... (1 thread ile 500 cüzdan üretilecek)
2025-01-23 13:57:17,712 - INFO - Program baþlatýlýyor...
2025-01-23 13:57:23,689 - INFO - 186518 adet zengin adres yüklendi
2025-01-23 13:57:23,689 - INFO - Eþleþtirme iþlemi baþlatýlýyor... (1 thread ile 500000 cüzdan üretilecek)
2025-01-23 13:58:11,811 - INFO - Program durduruluyor...
2025-01-23 13:58:27,381 - INFO - Program baþlatýlýyor...
2025-01-23 13:58:33,478 - INFO - 186518 adet zengin adres yüklendi
2025-01-23 13:58:33,484 - INFO - Eþleþtirme iþlemi baþlatýlýyor... (1 thread ile 10000 cüzdan üretilecek)
2025-01-23 13:58:35,505 - ERROR - Beklenmeyen hata: 2 (of 2) futures unfinished
Traceback (most recent call last):
  File "G:\GithubProj\btcfinder\main.py", line 67, in main
    matcher.start_matching()
  File "G:\GithubProj\btcfinder\address_matcher.py", line 81, in start_matching
    for future in done:
  File "C:\python3\lib\concurrent\futures\_base.py", line 241, in as_completed
    raise TimeoutError(
concurrent.futures._base.TimeoutError: 2 (of 2) futures unfinished
2025-01-23 13:59:32,903 - INFO - Program baþlatýlýyor...
2025-01-23 13:59:36,618 - INFO - 186518 adet zengin adres yüklendi
2025-01-23 13:59:36,624 - INFO - Eþleþtirme iþlemi baþlatýlýyor... (1 thread ile 50000 cüzdan üretilecek)
2025-01-23 13:59:48,868 - INFO - Program baþlatýlýyor...
2025-01-23 13:59:54,214 - INFO - 186518 adet zengin adres yüklendi
2025-01-23 13:59:54,219 - INFO - Eþleþtirme iþlemi baþlatýlýyor... (19 thread ile 50000 cüzdan üretilecek)
2025-01-23 14:00:31,911 - INFO - Program baþlatýlýyor...
2025-01-23 14:00:36,369 - INFO - 186518 adet zengin adres yüklendi
2025-01-23 14:00:36,374 - INFO - Eþleþtirme iþlemi baþlatýlýyor... (2 thread ile 50000 cüzdan üretilecek)
2025-01-23 14:02:15,582 - INFO - Program baþlatýlýyor...
2025-01-23 14:02:18,391 - INFO - 186518 adet zengin adres yüklendi
2025-01-23 14:02:18,397 - INFO - Eþleþtirme iþlemi baþlatýlýyor... (1 thread ile 50000 cüzdan üretilecek)
2025-01-23 14:02:35,711 - INFO - Program baþlatýlýyor...
2025-01-23 14:02:39,267 - INFO - 186518 adet zengin adres yüklendi
2025-01-23 14:02:39,272 - INFO - Eþleþtirme iþlemi baþlatýlýyor... (1 thread ile 50000 cüzdan üretilecek)
2025-01-23 14:04:05,067 - INFO - Program baþlatýlýyor...
2025-01-23 14:04:09,488 - INFO - 186518 adet zengin adres yüklendi
2025-01-23 14:04:09,571 - INFO - Eþleþtirme iþlemi baþlatýlýyor... (1 thread ile 10000 cüzdan üretilecek)
2025-01-23 14:04:26,780 - INFO - Program baþlatýlýyor...
2025-01-23 14:04:30,690 - INFO - 186518 adet zengin adres yüklendi
2025-01-23 14:04:30,773 - INFO - Eþleþtirme iþlemi baþlatýlýyor... (1 thread ile 500000 cüzdan üretilecek)
2025-01-23 14:05:23,319 - INFO - Program baþlatýlýyor...
2025-01-23 14:05:28,442 - INFO - 186518 adet zengin adres yüklendi
2025-01-23 14:05:28,530 - INFO - Eþleþtirme iþlemi baþlatýlýyor... (19 thread ile 500000 cüzdan üretilecek)
2025-01-23 14:06:47,865 - INFO - Program durduruluyor...
2025-01-23 14:13:55,388 - INFO - Program baþlatýlýyor...
2025-01-23 14:13:59,074 - INFO - 186518 adet zengin adres yüklendi
2025-01-23 14:13:59,152 - INFO - Eþleþtirme iþlemi baþlatýlýyor... (10 thread ile 500000 cüzdan üretilecek)
2025-01-23 14:15:00,424 - INFO - Program durduruluyor...
2025-01-23 14:15:06,589 - INFO - Program baþlatýlýyor...
2025-01-23 14:15:11,391 - INFO - 186518 adet zengin adres yüklendi
2025-01-23 14:15:11,468 - INFO - Eþleþtirme iþlemi baþlatýlýyor... (1 thread ile 10000 cüzdan üretilecek)
2025-01-23 14:15:17,595 - INFO - Program baþlatýlýyor...
2025-01-23 14:15:20,425 - INFO - 186518 adet zengin adres yüklendi
2025-01-23 14:15:20,500 - INFO - Eþleþtirme iþlemi baþlatýlýyor... (1 thread ile 1000 cüzdan üretilecek)
2025-01-23 14:15:23,830 - INFO - Program baþlatýlýyor...
2025-01-23 14:15:26,931 - INFO - 186518 adet zengin adres yüklendi
2025-01-23 14:15:27,007 - INFO - Eþleþtirme iþlemi baþlatýlýyor... (1 thread ile 100000 cüzdan üretilecek)
2025-01-23 14:15:37,041 - INFO - Program durduruluyor...
2025-01-23 14:17:49,616 - INFO - Program baþlatýlýyor...
2025-01-23 14:17:52,611 - INFO - 186518 adet zengin adres yüklendi
2025-01-23 14:17:52,687 - INFO - Eþleþtirme iþlemi baþlatýlýyor... (1 thread ile 10000 cüzdan üretilecek)
2025-01-23 14:17:56,130 - INFO - Program baþlatýlýyor...
2025-01-23 14:18:00,753 - INFO - 186518 adet zengin adres yüklendi
2025-01-23 14:18:00,828 - INFO - Eþleþtirme iþlemi baþlatýlýyor... (1 thread ile 100000 cüzdan üretilecek)
2025-01-23 14:18:13,350 - INFO - Program baþlatýlýyor...
2025-01-23 14:18:16,880 - INFO - 186518 adet zengin adres yüklendi
2025-01-23 14:18:16,955 - INFO - Eþleþtirme iþlemi baþlatýlýyor... (10 thread ile 500000 cüzdan üretilecek)
2025-01-23 14:19:32,103 - INFO - Program baþlatýlýyor...
2025-01-23 14:19:34,435 - INFO - 186518 adet zengin adres yüklendi
2025-01-23 14:19:34,517 - INFO - Eþleþtirme iþlemi baþlatýlýyor... (1 thread ile 145345 cüzdan üretilecek)
2025-01-23 14:20:11,810 - INFO - Program baþlatýlýyor...
2025-01-23 14:20:14,409 - INFO - 186518 adet zengin adres yüklendi
2025-01-23 14:20:14,483 - INFO - Eþleþtirme iþlemi baþlatýlýyor... (1 thread ile 234234 cüzdan üretilecek)
2025-01-23 14:20:33,520 - INFO - Program baþlatýlýyor...
2025-01-23 14:20:35,243 - INFO - 186518 adet zengin adres yüklendi
2025-01-23 14:20:35,320 - INFO - Eþleþtirme iþlemi baþlatýlýyor... (1 thread ile 123123123 cüzdan üretilecek)
2025-01-23 14:20:52,994 - INFO - Program baþlatýlýyor...
2025-01-23 14:20:54,792 - INFO - 186518 adet zengin adres yüklendi
2025-01-23 14:20:54,874 - INFO - Eþleþtirme iþlemi baþlatýlýyor... (1 thread ile 123123123 cüzdan üretilecek)
2025-01-23 14:22:21,120 - INFO - Program baþlatýlýyor...
2025-01-23 14:22:23,444 - INFO - 186518 adet zengin adres yüklendi
2025-01-23 14:22:23,524 - INFO - Eþleþtirme iþlemi baþlatýlýyor... (1 thread ile 123123123 cüzdan üretilecek)
2025-01-23 14:34:46,887 - INFO - Program baþlatýlýyor...
2025-01-23 14:34:49,006 - INFO - 186518 adet zengin adres yüklendi
2025-01-23 14:34:49,081 - INFO - Eþleþtirme iþlemi baþlatýlýyor... (1 thread ile 123123 cüzdan üretilecek)
2025-01-23 16:31:32,800 - INFO - Program baþlatýlýyor...
2025-01-23 16:32:14,779 - INFO - Program kullanýcý tarafýndan durduruldu
2025-01-23 19:16:08,529 - INFO - Program baþlatýlýyor...
2025-01-23 19:16:13,108 - INFO - 186518 adet zengin adres yüklendi
2025-01-23 19:16:13,298 - INFO - Eþleþtirme iþlemi baþlatýlýyor... (1 thread ile 50000 cüzdan üretilecek)
